<?xml version="1.0" encoding="UTF-8"?>
<!-- Generated by org.testng.reporters.JUnitReportReporter -->
<testsuite hostname="Rashmis-MacBook-Pro.local" failures="0" tests="3" name="tests.LoginPageTestChrome" time="4.299" errors="0" timestamp="2023-02-15T10:19:51 CST" skipped="0">
  <testcase classname="tests.LoginPageTestChrome" name="setUpChrome" time="2.771"/>
  <system-out/>
  <testcase classname="tests.LoginPageTestChrome" name="launchLandingPage" time="0.711"/>
  <system-out>
    <![CDATA[Finished Launching...]]>
  </system-out>
  <testcase classname="tests.LoginPageTestChrome" name="testLoginPage" time="0.817"/>
  <system-out>
    <![CDATA[Testing Login Page
Passing value read from excel sheet.
Passing value read from excel sheet.
Click login button.
Login button click completed.]]>
  </system-out>
</testsuite> <!-- tests.LoginPageTestChrome -->
